The system is: Linux - 4.8.14-200.fc24.x86_64 - x86_64
Compiling the C compiler identification source file "CMakeCCompilerId.c" succeeded.
Compiler: /usr/bin/cc 
Build flags: 
Id flags: 

The output was:
0


Compilation of the C compiler identification source "CMakeCCompilerId.c" produced "a.out"

The C compiler identification is GNU, found in "/home/werl/College/netvizGL/Debug/CMakeFiles/3.6.2/CompilerIdC/a.out"

Compiling the CXX compiler identification source file "CMakeCXXCompilerId.cpp" succeeded.
Compiler: /usr/bin/c++ 
Build flags: 
Id flags: 

The output was:
0


Compilation of the CXX compiler identification source "CMakeCXXCompilerId.cpp" produced "a.out"

The CXX compiler identification is GNU, found in "/home/werl/College/netvizGL/Debug/CMakeFiles/3.6.2/CompilerIdCXX/a.out"

Determining if the C compiler works passed with the following output:
Change Dir: /home/werl/College/netvizGL/Debug/CMakeFiles/CMakeTmp

Run Build Command:"/usr/bin/gmake" "cmTC_b1853/fast"
/usr/bin/gmake -f CMakeFiles/cmTC_b1853.dir/build.make CMakeFiles/cmTC_b1853.dir/build
gmake[1]: Entering directory '/home/werl/College/netvizGL/Debug/CMakeFiles/CMakeTmp'
Building C object CMakeFiles/cmTC_b1853.dir/testCCompiler.c.o
/usr/bin/cc     -o CMakeFiles/cmTC_b1853.dir/testCCompiler.c.o   -c /home/werl/College/netvizGL/Debug/CMakeFiles/CMakeTmp/testCCompiler.c
Linking C executable cmTC_b1853
/home/werl/Downloads/clion-2016.3.1/bin/cmake/bin/cmake -E cmake_link_script CMakeFiles/cmTC_b1853.dir/link.txt --verbose=1
/usr/bin/cc       CMakeFiles/cmTC_b1853.dir/testCCompiler.c.o  -o cmTC_b1853 -rdynamic 
gmake[1]: Leaving directory '/home/werl/College/netvizGL/Debug/CMakeFiles/CMakeTmp'


Detecting C compiler ABI info compiled with the following output:
Change Dir: /home/werl/College/netvizGL/Debug/CMakeFiles/CMakeTmp

Run Build Command:"/usr/bin/gmake" "cmTC_b9b65/fast"
/usr/bin/gmake -f CMakeFiles/cmTC_b9b65.dir/build.make CMakeFiles/cmTC_b9b65.dir/build
gmake[1]: Entering directory '/home/werl/College/netvizGL/Debug/CMakeFiles/CMakeTmp'
Building C object CMakeFiles/cmTC_b9b65.dir/CMakeCCompilerABI.c.o
/usr/bin/cc     -o CMakeFiles/cmTC_b9b65.dir/CMakeCCompilerABI.c.o   -c /home/werl/Downloads/clion-2016.3.1/bin/cmake/share/cmake-3.6/Modules/CMakeCCompilerABI.c
Linking C executable cmTC_b9b65
/home/werl/Downloads/clion-2016.3.1/bin/cmake/bin/cmake -E cmake_link_script CMakeFiles/cmTC_b9b65.dir/link.txt --verbose=1
/usr/bin/cc      -v CMakeFiles/cmTC_b9b65.dir/CMakeCCompilerABI.c.o  -o cmTC_b9b65 -rdynamic  
Using built-in specs.
COLLECT_GCC=/usr/bin/cc
COLLECT_LTO_WRAPPER=/usr/libexec/gcc/x86_64-redhat-linux/6.2.1/lto-wrapper
Target: x86_64-redhat-linux
Configured with: ../configure --enable-bootstrap --enable-languages=c,c++,objc,obj-c++,fortran,ada,go,lto --prefix=/usr --mandir=/usr/share/man --infodir=/usr/share/info --with-bugurl=http://bugzilla.redhat.com/bugzilla --enable-shared --enable-threads=posix --enable-checking=release --enable-multilib --with-system-zlib --enable-__cxa_atexit --disable-libunwind-exceptions --enable-gnu-unique-object --enable-linker-build-id --with-linker-hash-style=gnu --enable-plugin --enable-initfini-array --disable-libgcj --with-isl --enable-libmpx --enable-gnu-indirect-function --with-tune=generic --with-arch_32=i686 --build=x86_64-redhat-linux
Thread model: posix
gcc version 6.2.1 20160916 (Red Hat 6.2.1-2) (GCC) 
COMPILER_PATH=/usr/libexec/gcc/x86_64-redhat-linux/6.2.1/:/usr/libexec/gcc/x86_64-redhat-linux/6.2.1/:/usr/libexec/gcc/x86_64-redhat-linux/:/usr/lib/gcc/x86_64-redhat-linux/6.2.1/:/usr/lib/gcc/x86_64-redhat-linux/
LIBRARY_PATH=/usr/lib/gcc/x86_64-redhat-linux/6.2.1/:/usr/lib/gcc/x86_64-redhat-linux/6.2.1/../../../../lib64/:/lib/../lib64/:/usr/lib/../lib64/:/usr/lib/gcc/x86_64-redhat-linux/6.2.1/../../../:/lib/:/usr/lib/
COLLECT_GCC_OPTIONS='-v' '-o' 'cmTC_b9b65' '-rdynamic' '-mtune=generic' '-march=x86-64'
 /usr/libexec/gcc/x86_64-redhat-linux/6.2.1/collect2 -plugin /usr/libexec/gcc/x86_64-redhat-linux/6.2.1/liblto_plugin.so -plugin-opt=/usr/libexec/gcc/x86_64-redhat-linux/6.2.1/lto-wrapper -plugin-opt=-fresolution=/tmp/ccFOnG5X.res -plugin-opt=-pass-through=-lgcc -plugin-opt=-pass-through=-lgcc_s -plugin-opt=-pass-through=-lc -plugin-opt=-pass-through=-lgcc -plugin-opt=-pass-through=-lgcc_s --build-id --no-add-needed --eh-frame-hdr --hash-style=gnu -m elf_x86_64 -export-dynamic -dynamic-linker /lib64/ld-linux-x86-64.so.2 -o cmTC_b9b65 /usr/lib/gcc/x86_64-redhat-linux/6.2.1/../../../../lib64/crt1.o /usr/lib/gcc/x86_64-redhat-linux/6.2.1/../../../../lib64/crti.o /usr/lib/gcc/x86_64-redhat-linux/6.2.1/crtbegin.o -L/usr/lib/gcc/x86_64-redhat-linux/6.2.1 -L/usr/lib/gcc/x86_64-redhat-linux/6.2.1/../../../../lib64 -L/lib/../lib64 -L/usr/lib/../lib64 -L/usr/lib/gcc/x86_64-redhat-linux/6.2.1/../../.. CMakeFiles/cmTC_b9b65.dir/CMakeCCompilerABI.c.o -lgcc --as-needed -lgcc_s --no-as-needed -lc -lgcc --as-needed -lgcc_s --no-as-needed /usr/lib/gcc/x86_64-redhat-linux/6.2.1/crtend.o /usr/lib/gcc/x86_64-redhat-linux/6.2.1/../../../../lib64/crtn.o
COLLECT_GCC_OPTIONS='-v' '-o' 'cmTC_b9b65' '-rdynamic' '-mtune=generic' '-march=x86-64'
gmake[1]: Leaving directory '/home/werl/College/netvizGL/Debug/CMakeFiles/CMakeTmp'


Parsed C implicit link information from above output:
  link line regex: [^( *|.*[/\])(ld|([^/\]+-)?ld|collect2)[^/\]*( |$)]
  ignore line: [Change Dir: /home/werl/College/netvizGL/Debug/CMakeFiles/CMakeTmp]
  ignore line: []
  ignore line: [Run Build Command:"/usr/bin/gmake" "cmTC_b9b65/fast"]
  ignore line: [/usr/bin/gmake -f CMakeFiles/cmTC_b9b65.dir/build.make CMakeFiles/cmTC_b9b65.dir/build]
  ignore line: [gmake[1]: Entering directory '/home/werl/College/netvizGL/Debug/CMakeFiles/CMakeTmp']
  ignore line: [Building C object CMakeFiles/cmTC_b9b65.dir/CMakeCCompilerABI.c.o]
  ignore line: [/usr/bin/cc     -o CMakeFiles/cmTC_b9b65.dir/CMakeCCompilerABI.c.o   -c /home/werl/Downloads/clion-2016.3.1/bin/cmake/share/cmake-3.6/Modules/CMakeCCompilerABI.c]
  ignore line: [Linking C executable cmTC_b9b65]
  ignore line: [/home/werl/Downloads/clion-2016.3.1/bin/cmake/bin/cmake -E cmake_link_script CMakeFiles/cmTC_b9b65.dir/link.txt --verbose=1]
  ignore line: [/usr/bin/cc      -v CMakeFiles/cmTC_b9b65.dir/CMakeCCompilerABI.c.o  -o cmTC_b9b65 -rdynamic  ]
  ignore line: [Using built-in specs.]
  ignore line: [COLLECT_GCC=/usr/bin/cc]
  ignore line: [COLLECT_LTO_WRAPPER=/usr/libexec/gcc/x86_64-redhat-linux/6.2.1/lto-wrapper]
  ignore line: [Target: x86_64-redhat-linux]
  ignore line: [Configured with: ../configure --enable-bootstrap --enable-languages=c,c++,objc,obj-c++,fortran,ada,go,lto --prefix=/usr --mandir=/usr/share/man --infodir=/usr/share/info --with-bugurl=http://bugzilla.redhat.com/bugzilla --enable-shared --enable-threads=posix --enable-checking=release --enable-multilib --with-system-zlib --enable-__cxa_atexit --disable-libunwind-exceptions --enable-gnu-unique-object --enable-linker-build-id --with-linker-hash-style=gnu --enable-plugin --enable-initfini-array --disable-libgcj --with-isl --enable-libmpx --enable-gnu-indirect-function --with-tune=generic --with-arch_32=i686 --build=x86_64-redhat-linux]
  ignore line: [Thread model: posix]
  ignore line: [gcc version 6.2.1 20160916 (Red Hat 6.2.1-2) (GCC) ]
  ignore line: [COMPILER_PATH=/usr/libexec/gcc/x86_64-redhat-linux/6.2.1/:/usr/libexec/gcc/x86_64-redhat-linux/6.2.1/:/usr/libexec/gcc/x86_64-redhat-linux/:/usr/lib/gcc/x86_64-redhat-linux/6.2.1/:/usr/lib/gcc/x86_64-redhat-linux/]
  ignore line: [LIBRARY_PATH=/usr/lib/gcc/x86_64-redhat-linux/6.2.1/:/usr/lib/gcc/x86_64-redhat-linux/6.2.1/../../../../lib64/:/lib/../lib64/:/usr/lib/../lib64/:/usr/lib/gcc/x86_64-redhat-linux/6.2.1/../../../:/lib/:/usr/lib/]
  ignore line: [COLLECT_GCC_OPTIONS='-v' '-o' 'cmTC_b9b65' '-rdynamic' '-mtune=generic' '-march=x86-64']
  link line: [ /usr/libexec/gcc/x86_64-redhat-linux/6.2.1/collect2 -plugin /usr/libexec/gcc/x86_64-redhat-linux/6.2.1/liblto_plugin.so -plugin-opt=/usr/libexec/gcc/x86_64-redhat-linux/6.2.1/lto-wrapper -plugin-opt=-fresolution=/tmp/ccFOnG5X.res -plugin-opt=-pass-through=-lgcc -plugin-opt=-pass-through=-lgcc_s -plugin-opt=-pass-through=-lc -plugin-opt=-pass-through=-lgcc -plugin-opt=-pass-through=-lgcc_s --build-id --no-add-needed --eh-frame-hdr --hash-style=gnu -m elf_x86_64 -export-dynamic -dynamic-linker /lib64/ld-linux-x86-64.so.2 -o cmTC_b9b65 /usr/lib/gcc/x86_64-redhat-linux/6.2.1/../../../../lib64/crt1.o /usr/lib/gcc/x86_64-redhat-linux/6.2.1/../../../../lib64/crti.o /usr/lib/gcc/x86_64-redhat-linux/6.2.1/crtbegin.o -L/usr/lib/gcc/x86_64-redhat-linux/6.2.1 -L/usr/lib/gcc/x86_64-redhat-linux/6.2.1/../../../../lib64 -L/lib/../lib64 -L/usr/lib/../lib64 -L/usr/lib/gcc/x86_64-redhat-linux/6.2.1/../../.. CMakeFiles/cmTC_b9b65.dir/CMakeCCompilerABI.c.o -lgcc --as-needed -lgcc_s --no-as-needed -lc -lgcc --as-needed -lgcc_s --no-as-needed /usr/lib/gcc/x86_64-redhat-linux/6.2.1/crtend.o /usr/lib/gcc/x86_64-redhat-linux/6.2.1/../../../../lib64/crtn.o]
    arg [/usr/libexec/gcc/x86_64-redhat-linux/6.2.1/collect2] ==> ignore
    arg [-plugin] ==> ignore
    arg [/usr/libexec/gcc/x86_64-redhat-linux/6.2.1/liblto_plugin.so] ==> ignore
    arg [-plugin-opt=/usr/libexec/gcc/x86_64-redhat-linux/6.2.1/lto-wrapper] ==> ignore
    arg [-plugin-opt=-fresolution=/tmp/ccFOnG5X.res] ==> ignore
    arg [-plugin-opt=-pass-through=-lgcc] ==> ignore
    arg [-plugin-opt=-pass-through=-lgcc_s] ==> ignore
    arg [-plugin-opt=-pass-through=-lc] ==> ignore
    arg [-plugin-opt=-pass-through=-lgcc] ==> ignore
    arg [-plugin-opt=-pass-through=-lgcc_s] ==> ignore
    arg [--build-id] ==> ignore
    arg [--no-add-needed] ==> ignore
    arg [--eh-frame-hdr] ==> ignore
    arg [--hash-style=gnu] ==> ignore
    arg [-m] ==> ignore
    arg [elf_x86_64] ==> ignore
    arg [-export-dynamic] ==> ignore
    arg [-dynamic-linker] ==> ignore
    arg [/lib64/ld-linux-x86-64.so.2] ==> ignore
    arg [-o] ==> ignore
    arg [cmTC_b9b65] ==> ignore
    arg [/usr/lib/gcc/x86_64-redhat-linux/6.2.1/../../../../lib64/crt1.o] ==> ignore
    arg [/usr/lib/gcc/x86_64-redhat-linux/6.2.1/../../../../lib64/crti.o] ==> ignore
    arg [/usr/lib/gcc/x86_64-redhat-linux/6.2.1/crtbegin.o] ==> ignore
    arg [-L/usr/lib/gcc/x86_64-redhat-linux/6.2.1] ==> dir [/usr/lib/gcc/x86_64-redhat-linux/6.2.1]
    arg [-L/usr/lib/gcc/x86_64-redhat-linux/6.2.1/../../../../lib64] ==> dir [/usr/lib/gcc/x86_64-redhat-linux/6.2.1/../../../../lib64]
    arg [-L/lib/../lib64] ==> dir [/lib/../lib64]
    arg [-L/usr/lib/../lib64] ==> dir [/usr/lib/../lib64]
    arg [-L/usr/lib/gcc/x86_64-redhat-linux/6.2.1/../../..] ==> dir [/usr/lib/gcc/x86_64-redhat-linux/6.2.1/../../..]
    arg [CMakeFiles/cmTC_b9b65.dir/CMakeCCompilerABI.c.o] ==> ignore
    arg [-lgcc] ==> lib [gcc]
    arg [--as-needed] ==> ignore
    arg [-lgcc_s] ==> lib [gcc_s]
    arg [--no-as-needed] ==> ignore
    arg [-lc] ==> lib [c]
    arg [-lgcc] ==> lib [gcc]
    arg [--as-needed] ==> ignore
    arg [-lgcc_s] ==> lib [gcc_s]
    arg [--no-as-needed] ==> ignore
    arg [/usr/lib/gcc/x86_64-redhat-linux/6.2.1/crtend.o] ==> ignore
    arg [/usr/lib/gcc/x86_64-redhat-linux/6.2.1/../../../../lib64/crtn.o] ==> ignore
  remove lib [gcc]
  remove lib [gcc_s]
  remove lib [gcc]
  remove lib [gcc_s]
  collapse library dir [/usr/lib/gcc/x86_64-redhat-linux/6.2.1] ==> [/usr/lib/gcc/x86_64-redhat-linux/6.2.1]
  collapse library dir [/usr/lib/gcc/x86_64-redhat-linux/6.2.1/../../../../lib64] ==> [/usr/lib64]
  collapse library dir [/lib/../lib64] ==> [/lib64]
  collapse library dir [/usr/lib/../lib64] ==> [/usr/lib64]
  collapse library dir [/usr/lib/gcc/x86_64-redhat-linux/6.2.1/../../..] ==> [/usr/lib]
  implicit libs: [c]
  implicit dirs: [/usr/lib/gcc/x86_64-redhat-linux/6.2.1;/usr/lib64;/lib64;/usr/lib]
  implicit fwks: []




Detecting C [-std=c11] compiler features compiled with the following output:
Change Dir: /home/werl/College/netvizGL/Debug/CMakeFiles/CMakeTmp

Run Build Command:"/usr/bin/gmake" "cmTC_ff1e8/fast"
/usr/bin/gmake -f CMakeFiles/cmTC_ff1e8.dir/build.make CMakeFiles/cmTC_ff1e8.dir/build
gmake[1]: Entering directory '/home/werl/College/netvizGL/Debug/CMakeFiles/CMakeTmp'
Building C object CMakeFiles/cmTC_ff1e8.dir/feature_tests.c.o
/usr/bin/cc    -std=c11 -o CMakeFiles/cmTC_ff1e8.dir/feature_tests.c.o   -c /home/werl/College/netvizGL/Debug/CMakeFiles/feature_tests.c
Linking C executable cmTC_ff1e8
/home/werl/Downloads/clion-2016.3.1/bin/cmake/bin/cmake -E cmake_link_script CMakeFiles/cmTC_ff1e8.dir/link.txt --verbose=1
/usr/bin/cc       CMakeFiles/cmTC_ff1e8.dir/feature_tests.c.o  -o cmTC_ff1e8 -rdynamic 
gmake[1]: Leaving directory '/home/werl/College/netvizGL/Debug/CMakeFiles/CMakeTmp'


    Feature record: C_FEATURE:1c_function_prototypes
    Feature record: C_FEATURE:1c_restrict
    Feature record: C_FEATURE:1c_static_assert
    Feature record: C_FEATURE:1c_variadic_macros


Detecting C [-std=c99] compiler features compiled with the following output:
Change Dir: /home/werl/College/netvizGL/Debug/CMakeFiles/CMakeTmp

Run Build Command:"/usr/bin/gmake" "cmTC_60066/fast"
/usr/bin/gmake -f CMakeFiles/cmTC_60066.dir/build.make CMakeFiles/cmTC_60066.dir/build
gmake[1]: Entering directory '/home/werl/College/netvizGL/Debug/CMakeFiles/CMakeTmp'
Building C object CMakeFiles/cmTC_60066.dir/feature_tests.c.o
/usr/bin/cc    -std=c99 -o CMakeFiles/cmTC_60066.dir/feature_tests.c.o   -c /home/werl/College/netvizGL/Debug/CMakeFiles/feature_tests.c
Linking C executable cmTC_60066
/home/werl/Downloads/clion-2016.3.1/bin/cmake/bin/cmake -E cmake_link_script CMakeFiles/cmTC_60066.dir/link.txt --verbose=1
/usr/bin/cc       CMakeFiles/cmTC_60066.dir/feature_tests.c.o  -o cmTC_60066 -rdynamic 
gmake[1]: Leaving directory '/home/werl/College/netvizGL/Debug/CMakeFiles/CMakeTmp'


    Feature record: C_FEATURE:1c_function_prototypes
    Feature record: C_FEATURE:1c_restrict
    Feature record: C_FEATURE:0c_static_assert
    Feature record: C_FEATURE:1c_variadic_macros


Detecting C [-std=c90] compiler features compiled with the following output:
Change Dir: /home/werl/College/netvizGL/Debug/CMakeFiles/CMakeTmp

Run Build Command:"/usr/bin/gmake" "cmTC_07b38/fast"
/usr/bin/gmake -f CMakeFiles/cmTC_07b38.dir/build.make CMakeFiles/cmTC_07b38.dir/build
gmake[1]: Entering directory '/home/werl/College/netvizGL/Debug/CMakeFiles/CMakeTmp'
Building C object CMakeFiles/cmTC_07b38.dir/feature_tests.c.o
/usr/bin/cc    -std=c90 -o CMakeFiles/cmTC_07b38.dir/feature_tests.c.o   -c /home/werl/College/netvizGL/Debug/CMakeFiles/feature_tests.c
Linking C executable cmTC_07b38
/home/werl/Downloads/clion-2016.3.1/bin/cmake/bin/cmake -E cmake_link_script CMakeFiles/cmTC_07b38.dir/link.txt --verbose=1
/usr/bin/cc       CMakeFiles/cmTC_07b38.dir/feature_tests.c.o  -o cmTC_07b38 -rdynamic 
gmake[1]: Leaving directory '/home/werl/College/netvizGL/Debug/CMakeFiles/CMakeTmp'


    Feature record: C_FEATURE:1c_function_prototypes
    Feature record: C_FEATURE:0c_restrict
    Feature record: C_FEATURE:0c_static_assert
    Feature record: C_FEATURE:0c_variadic_macros
Determining if the CXX compiler works passed with the following output:
Change Dir: /home/werl/College/netvizGL/Debug/CMakeFiles/CMakeTmp

Run Build Command:"/usr/bin/gmake" "cmTC_08a06/fast"
/usr/bin/gmake -f CMakeFiles/cmTC_08a06.dir/build.make CMakeFiles/cmTC_08a06.dir/build
gmake[1]: Entering directory '/home/werl/College/netvizGL/Debug/CMakeFiles/CMakeTmp'
Building CXX object CMakeFiles/cmTC_08a06.dir/testCXXCompiler.cxx.o
/usr/bin/c++      -o CMakeFiles/cmTC_08a06.dir/testCXXCompiler.cxx.o -c /home/werl/College/netvizGL/Debug/CMakeFiles/CMakeTmp/testCXXCompiler.cxx
Linking CXX executable cmTC_08a06
/home/werl/Downloads/clion-2016.3.1/bin/cmake/bin/cmake -E cmake_link_script CMakeFiles/cmTC_08a06.dir/link.txt --verbose=1
/usr/bin/c++        CMakeFiles/cmTC_08a06.dir/testCXXCompiler.cxx.o  -o cmTC_08a06 -rdynamic 
gmake[1]: Leaving directory '/home/werl/College/netvizGL/Debug/CMakeFiles/CMakeTmp'


Detecting CXX compiler ABI info compiled with the following output:
Change Dir: /home/werl/College/netvizGL/Debug/CMakeFiles/CMakeTmp

Run Build Command:"/usr/bin/gmake" "cmTC_5c3a0/fast"
/usr/bin/gmake -f CMakeFiles/cmTC_5c3a0.dir/build.make CMakeFiles/cmTC_5c3a0.dir/build
gmake[1]: Entering directory '/home/werl/College/netvizGL/Debug/CMakeFiles/CMakeTmp'
Building CXX object CMakeFiles/cmTC_5c3a0.dir/CMakeCXXCompilerABI.cpp.o
/usr/bin/c++      -o CMakeFiles/cmTC_5c3a0.dir/CMakeCXXCompilerABI.cpp.o -c /home/werl/Downloads/clion-2016.3.1/bin/cmake/share/cmake-3.6/Modules/CMakeCXXCompilerABI.cpp
Linking CXX executable cmTC_5c3a0
/home/werl/Downloads/clion-2016.3.1/bin/cmake/bin/cmake -E cmake_link_script CMakeFiles/cmTC_5c3a0.dir/link.txt --verbose=1
/usr/bin/c++       -v CMakeFiles/cmTC_5c3a0.dir/CMakeCXXCompilerABI.cpp.o  -o cmTC_5c3a0 -rdynamic  
Using built-in specs.
COLLECT_GCC=/usr/bin/c++
COLLECT_LTO_WRAPPER=/usr/libexec/gcc/x86_64-redhat-linux/6.2.1/lto-wrapper
Target: x86_64-redhat-linux
Configured with: ../configure --enable-bootstrap --enable-languages=c,c++,objc,obj-c++,fortran,ada,go,lto --prefix=/usr --mandir=/usr/share/man --infodir=/usr/share/info --with-bugurl=http://bugzilla.redhat.com/bugzilla --enable-shared --enable-threads=posix --enable-checking=release --enable-multilib --with-system-zlib --enable-__cxa_atexit --disable-libunwind-exceptions --enable-gnu-unique-object --enable-linker-build-id --with-linker-hash-style=gnu --enable-plugin --enable-initfini-array --disable-libgcj --with-isl --enable-libmpx --enable-gnu-indirect-function --with-tune=generic --with-arch_32=i686 --build=x86_64-redhat-linux
Thread model: posix
gcc version 6.2.1 20160916 (Red Hat 6.2.1-2) (GCC) 
COMPILER_PATH=/usr/libexec/gcc/x86_64-redhat-linux/6.2.1/:/usr/libexec/gcc/x86_64-redhat-linux/6.2.1/:/usr/libexec/gcc/x86_64-redhat-linux/:/usr/lib/gcc/x86_64-redhat-linux/6.2.1/:/usr/lib/gcc/x86_64-redhat-linux/
LIBRARY_PATH=/usr/lib/gcc/x86_64-redhat-linux/6.2.1/:/usr/lib/gcc/x86_64-redhat-linux/6.2.1/../../../../lib64/:/lib/../lib64/:/usr/lib/../lib64/:/usr/lib/gcc/x86_64-redhat-linux/6.2.1/../../../:/lib/:/usr/lib/
COLLECT_GCC_OPTIONS='-v' '-o' 'cmTC_5c3a0' '-rdynamic' '-shared-libgcc' '-mtune=generic' '-march=x86-64'
 /usr/libexec/gcc/x86_64-redhat-linux/6.2.1/collect2 -plugin /usr/libexec/gcc/x86_64-redhat-linux/6.2.1/liblto_plugin.so -plugin-opt=/usr/libexec/gcc/x86_64-redhat-linux/6.2.1/lto-wrapper -plugin-opt=-fresolution=/tmp/ccx2vl1m.res -plugin-opt=-pass-through=-lgcc_s -plugin-opt=-pass-through=-lgcc -plugin-opt=-pass-through=-lc -plugin-opt=-pass-through=-lgcc_s -plugin-opt=-pass-through=-lgcc --build-id --no-add-needed --eh-frame-hdr --hash-style=gnu -m elf_x86_64 -export-dynamic -dynamic-linker /lib64/ld-linux-x86-64.so.2 -o cmTC_5c3a0 /usr/lib/gcc/x86_64-redhat-linux/6.2.1/../../../../lib64/crt1.o /usr/lib/gcc/x86_64-redhat-linux/6.2.1/../../../../lib64/crti.o /usr/lib/gcc/x86_64-redhat-linux/6.2.1/crtbegin.o -L/usr/lib/gcc/x86_64-redhat-linux/6.2.1 -L/usr/lib/gcc/x86_64-redhat-linux/6.2.1/../../../../lib64 -L/lib/../lib64 -L/usr/lib/../lib64 -L/usr/lib/gcc/x86_64-redhat-linux/6.2.1/../../.. CMakeFiles/cmTC_5c3a0.dir/CMakeCXXCompilerABI.cpp.o -lstdc++ -lm -lgcc_s -lgcc -lc -lgcc_s -lgcc /usr/lib/gcc/x86_64-redhat-linux/6.2.1/crtend.o /usr/lib/gcc/x86_64-redhat-linux/6.2.1/../../../../lib64/crtn.o
COLLECT_GCC_OPTIONS='-v' '-o' 'cmTC_5c3a0' '-rdynamic' '-shared-libgcc' '-mtune=generic' '-march=x86-64'
gmake[1]: Leaving directory '/home/werl/College/netvizGL/Debug/CMakeFiles/CMakeTmp'


Parsed CXX implicit link information from above output:
  link line regex: [^( *|.*[/\])(ld|([^/\]+-)?ld|collect2)[^/\]*( |$)]
  ignore line: [Change Dir: /home/werl/College/netvizGL/Debug/CMakeFiles/CMakeTmp]
  ignore line: []
  ignore line: [Run Build Command:"/usr/bin/gmake" "cmTC_5c3a0/fast"]
  ignore line: [/usr/bin/gmake -f CMakeFiles/cmTC_5c3a0.dir/build.make CMakeFiles/cmTC_5c3a0.dir/build]
  ignore line: [gmake[1]: Entering directory '/home/werl/College/netvizGL/Debug/CMakeFiles/CMakeTmp']
  ignore line: [Building CXX object CMakeFiles/cmTC_5c3a0.dir/CMakeCXXCompilerABI.cpp.o]
  ignore line: [/usr/bin/c++      -o CMakeFiles/cmTC_5c3a0.dir/CMakeCXXCompilerABI.cpp.o -c /home/werl/Downloads/clion-2016.3.1/bin/cmake/share/cmake-3.6/Modules/CMakeCXXCompilerABI.cpp]
  ignore line: [Linking CXX executable cmTC_5c3a0]
  ignore line: [/home/werl/Downloads/clion-2016.3.1/bin/cmake/bin/cmake -E cmake_link_script CMakeFiles/cmTC_5c3a0.dir/link.txt --verbose=1]
  ignore line: [/usr/bin/c++       -v CMakeFiles/cmTC_5c3a0.dir/CMakeCXXCompilerABI.cpp.o  -o cmTC_5c3a0 -rdynamic  ]
  ignore line: [Using built-in specs.]
  ignore line: [COLLECT_GCC=/usr/bin/c++]
  ignore line: [COLLECT_LTO_WRAPPER=/usr/libexec/gcc/x86_64-redhat-linux/6.2.1/lto-wrapper]
  ignore line: [Target: x86_64-redhat-linux]
  ignore line: [Configured with: ../configure --enable-bootstrap --enable-languages=c,c++,objc,obj-c++,fortran,ada,go,lto --prefix=/usr --mandir=/usr/share/man --infodir=/usr/share/info --with-bugurl=http://bugzilla.redhat.com/bugzilla --enable-shared --enable-threads=posix --enable-checking=release --enable-multilib --with-system-zlib --enable-__cxa_atexit --disable-libunwind-exceptions --enable-gnu-unique-object --enable-linker-build-id --with-linker-hash-style=gnu --enable-plugin --enable-initfini-array --disable-libgcj --with-isl --enable-libmpx --enable-gnu-indirect-function --with-tune=generic --with-arch_32=i686 --build=x86_64-redhat-linux]
  ignore line: [Thread model: posix]
  ignore line: [gcc version 6.2.1 20160916 (Red Hat 6.2.1-2) (GCC) ]
  ignore line: [COMPILER_PATH=/usr/libexec/gcc/x86_64-redhat-linux/6.2.1/:/usr/libexec/gcc/x86_64-redhat-linux/6.2.1/:/usr/libexec/gcc/x86_64-redhat-linux/:/usr/lib/gcc/x86_64-redhat-linux/6.2.1/:/usr/lib/gcc/x86_64-redhat-linux/]
  ignore line: [LIBRARY_PATH=/usr/lib/gcc/x86_64-redhat-linux/6.2.1/:/usr/lib/gcc/x86_64-redhat-linux/6.2.1/../../../../lib64/:/lib/../lib64/:/usr/lib/../lib64/:/usr/lib/gcc/x86_64-redhat-linux/6.2.1/../../../:/lib/:/usr/lib/]
  ignore line: [COLLECT_GCC_OPTIONS='-v' '-o' 'cmTC_5c3a0' '-rdynamic' '-shared-libgcc' '-mtune=generic' '-march=x86-64']
  link line: [ /usr/libexec/gcc/x86_64-redhat-linux/6.2.1/collect2 -plugin /usr/libexec/gcc/x86_64-redhat-linux/6.2.1/liblto_plugin.so -plugin-opt=/usr/libexec/gcc/x86_64-redhat-linux/6.2.1/lto-wrapper -plugin-opt=-fresolution=/tmp/ccx2vl1m.res -plugin-opt=-pass-through=-lgcc_s -plugin-opt=-pass-through=-lgcc -plugin-opt=-pass-through=-lc -plugin-opt=-pass-through=-lgcc_s -plugin-opt=-pass-through=-lgcc --build-id --no-add-needed --eh-frame-hdr --hash-style=gnu -m elf_x86_64 -export-dynamic -dynamic-linker /lib64/ld-linux-x86-64.so.2 -o cmTC_5c3a0 /usr/lib/gcc/x86_64-redhat-linux/6.2.1/../../../../lib64/crt1.o /usr/lib/gcc/x86_64-redhat-linux/6.2.1/../../../../lib64/crti.o /usr/lib/gcc/x86_64-redhat-linux/6.2.1/crtbegin.o -L/usr/lib/gcc/x86_64-redhat-linux/6.2.1 -L/usr/lib/gcc/x86_64-redhat-linux/6.2.1/../../../../lib64 -L/lib/../lib64 -L/usr/lib/../lib64 -L/usr/lib/gcc/x86_64-redhat-linux/6.2.1/../../.. CMakeFiles/cmTC_5c3a0.dir/CMakeCXXCompilerABI.cpp.o -lstdc++ -lm -lgcc_s -lgcc -lc -lgcc_s -lgcc /usr/lib/gcc/x86_64-redhat-linux/6.2.1/crtend.o /usr/lib/gcc/x86_64-redhat-linux/6.2.1/../../../../lib64/crtn.o]
    arg [/usr/libexec/gcc/x86_64-redhat-linux/6.2.1/collect2] ==> ignore
    arg [-plugin] ==> ignore
    arg [/usr/libexec/gcc/x86_64-redhat-linux/6.2.1/liblto_plugin.so] ==> ignore
    arg [-plugin-opt=/usr/libexec/gcc/x86_64-redhat-linux/6.2.1/lto-wrapper] ==> ignore
    arg [-plugin-opt=-fresolution=/tmp/ccx2vl1m.res] ==> ignore
    arg [-plugin-opt=-pass-through=-lgcc_s] ==> ignore
    arg [-plugin-opt=-pass-through=-lgcc] ==> ignore
    arg [-plugin-opt=-pass-through=-lc] ==> ignore
    arg [-plugin-opt=-pass-through=-lgcc_s] ==> ignore
    arg [-plugin-opt=-pass-through=-lgcc] ==> ignore
    arg [--build-id] ==> ignore
    arg [--no-add-needed] ==> ignore
    arg [--eh-frame-hdr] ==> ignore
    arg [--hash-style=gnu] ==> ignore
    arg [-m] ==> ignore
    arg [elf_x86_64] ==> ignore
    arg [-export-dynamic] ==> ignore
    arg [-dynamic-linker] ==> ignore
    arg [/lib64/ld-linux-x86-64.so.2] ==> ignore
    arg [-o] ==> ignore
    arg [cmTC_5c3a0] ==> ignore
    arg [/usr/lib/gcc/x86_64-redhat-linux/6.2.1/../../../../lib64/crt1.o] ==> ignore
    arg [/usr/lib/gcc/x86_64-redhat-linux/6.2.1/../../../../lib64/crti.o] ==> ignore
    arg [/usr/lib/gcc/x86_64-redhat-linux/6.2.1/crtbegin.o] ==> ignore
    arg [-L/usr/lib/gcc/x86_64-redhat-linux/6.2.1] ==> dir [/usr/lib/gcc/x86_64-redhat-linux/6.2.1]
    arg [-L/usr/lib/gcc/x86_64-redhat-linux/6.2.1/../../../../lib64] ==> dir [/usr/lib/gcc/x86_64-redhat-linux/6.2.1/../../../../lib64]
    arg [-L/lib/../lib64] ==> dir [/lib/../lib64]
    arg [-L/usr/lib/../lib64] ==> dir [/usr/lib/../lib64]
    arg [-L/usr/lib/gcc/x86_64-redhat-linux/6.2.1/../../..] ==> dir [/usr/lib/gcc/x86_64-redhat-linux/6.2.1/../../..]
    arg [CMakeFiles/cmTC_5c3a0.dir/CMakeCXXCompilerABI.cpp.o] ==> ignore
    arg [-lstdc++] ==> lib [stdc++]
    arg [-lm] ==> lib [m]
    arg [-lgcc_s] ==> lib [gcc_s]
    arg [-lgcc] ==> lib [gcc]
    arg [-lc] ==> lib [c]
    arg [-lgcc_s] ==> lib [gcc_s]
    arg [-lgcc] ==> lib [gcc]
    arg [/usr/lib/gcc/x86_64-redhat-linux/6.2.1/crtend.o] ==> ignore
    arg [/usr/lib/gcc/x86_64-redhat-linux/6.2.1/../../../../lib64/crtn.o] ==> ignore
  remove lib [gcc_s]
  remove lib [gcc]
  remove lib [gcc_s]
  remove lib [gcc]
  collapse library dir [/usr/lib/gcc/x86_64-redhat-linux/6.2.1] ==> [/usr/lib/gcc/x86_64-redhat-linux/6.2.1]
  collapse library dir [/usr/lib/gcc/x86_64-redhat-linux/6.2.1/../../../../lib64] ==> [/usr/lib64]
  collapse library dir [/lib/../lib64] ==> [/lib64]
  collapse library dir [/usr/lib/../lib64] ==> [/usr/lib64]
  collapse library dir [/usr/lib/gcc/x86_64-redhat-linux/6.2.1/../../..] ==> [/usr/lib]
  implicit libs: [stdc++;m;c]
  implicit dirs: [/usr/lib/gcc/x86_64-redhat-linux/6.2.1;/usr/lib64;/lib64;/usr/lib]
  implicit fwks: []




Detecting CXX [-std=c++14] compiler features compiled with the following output:
Change Dir: /home/werl/College/netvizGL/Debug/CMakeFiles/CMakeTmp

Run Build Command:"/usr/bin/gmake" "cmTC_f05ac/fast"
/usr/bin/gmake -f CMakeFiles/cmTC_f05ac.dir/build.make CMakeFiles/cmTC_f05ac.dir/build
gmake[1]: Entering directory '/home/werl/College/netvizGL/Debug/CMakeFiles/CMakeTmp'
Building CXX object CMakeFiles/cmTC_f05ac.dir/feature_tests.cxx.o
/usr/bin/c++     -std=c++14 -o CMakeFiles/cmTC_f05ac.dir/feature_tests.cxx.o -c /home/werl/College/netvizGL/Debug/CMakeFiles/feature_tests.cxx
Linking CXX executable cmTC_f05ac
/home/werl/Downloads/clion-2016.3.1/bin/cmake/bin/cmake -E cmake_link_script CMakeFiles/cmTC_f05ac.dir/link.txt --verbose=1
/usr/bin/c++        CMakeFiles/cmTC_f05ac.dir/feature_tests.cxx.o  -o cmTC_f05ac -rdynamic 
gmake[1]: Leaving directory '/home/werl/College/netvizGL/Debug/CMakeFiles/CMakeTmp'


    Feature record: CXX_FEATURE:1cxx_aggregate_default_initializers
    Feature record: CXX_FEATURE:1cxx_alias_templates
    Feature record: CXX_FEATURE:1cxx_alignas
    Feature record: CXX_FEATURE:1cxx_alignof
    Feature record: CXX_FEATURE:1cxx_attributes
    Feature record: CXX_FEATURE:1cxx_attribute_deprecated
    Feature record: CXX_FEATURE:1cxx_auto_type
    Feature record: CXX_FEATURE:1cxx_binary_literals
    Feature record: CXX_FEATURE:1cxx_constexpr
    Feature record: CXX_FEATURE:1cxx_contextual_conversions
    Feature record: CXX_FEATURE:1cxx_decltype
    Feature record: CXX_FEATURE:1cxx_decltype_auto
    Feature record: CXX_FEATURE:1cxx_decltype_incomplete_return_types
    Feature record: CXX_FEATURE:1cxx_default_function_template_args
    Feature record: CXX_FEATURE:1cxx_defaulted_functions
    Feature record: CXX_FEATURE:1cxx_defaulted_move_initializers
    Feature record: CXX_FEATURE:1cxx_delegating_constructors
    Feature record: CXX_FEATURE:1cxx_deleted_functions
    Feature record: CXX_FEATURE:1cxx_digit_separators
    Feature record: CXX_FEATURE:1cxx_enum_forward_declarations
    Feature record: CXX_FEATURE:1cxx_explicit_conversions
    Feature record: CXX_FEATURE:1cxx_extended_friend_declarations
    Feature record: CXX_FEATURE:1cxx_extern_templates
    Feature record: CXX_FEATURE:1cxx_final
    Feature record: CXX_FEATURE:1cxx_func_identifier
    Feature record: CXX_FEATURE:1cxx_generalized_initializers
    Feature record: CXX_FEATURE:1cxx_generic_lambdas
    Feature record: CXX_FEATURE:1cxx_inheriting_constructors
    Feature record: CXX_FEATURE:1cxx_inline_namespaces
    Feature record: CXX_FEATURE:1cxx_lambdas
    Feature record: CXX_FEATURE:1cxx_lambda_init_captures
    Feature record: CXX_FEATURE:1cxx_local_type_template_args
    Feature record: CXX_FEATURE:1cxx_long_long_type
    Feature record: CXX_FEATURE:1cxx_noexcept
    Feature record: CXX_FEATURE:1cxx_nonstatic_member_init
    Feature record: CXX_FEATURE:1cxx_nullptr
    Feature record: CXX_FEATURE:1cxx_override
    Feature record: CXX_FEATURE:1cxx_range_for
    Feature record: CXX_FEATURE:1cxx_raw_string_literals
    Feature record: CXX_FEATURE:1cxx_reference_qualified_functions
    Feature record: CXX_FEATURE:1cxx_relaxed_constexpr
    Feature record: CXX_FEATURE:1cxx_return_type_deduction
    Feature record: CXX_FEATURE:1cxx_right_angle_brackets
    Feature record: CXX_FEATURE:1cxx_rvalue_references
    Feature record: CXX_FEATURE:1cxx_sizeof_member
    Feature record: CXX_FEATURE:1cxx_static_assert
    Feature record: CXX_FEATURE:1cxx_strong_enums
    Feature record: CXX_FEATURE:1cxx_template_template_parameters
    Feature record: CXX_FEATURE:1cxx_thread_local
    Feature record: CXX_FEATURE:1cxx_trailing_return_types
    Feature record: CXX_FEATURE:1cxx_unicode_literals
    Feature record: CXX_FEATURE:1cxx_uniform_initialization
    Feature record: CXX_FEATURE:1cxx_unrestricted_unions
    Feature record: CXX_FEATURE:1cxx_user_literals
    Feature record: CXX_FEATURE:1cxx_variable_templates
    Feature record: CXX_FEATURE:1cxx_variadic_macros
    Feature record: CXX_FEATURE:1cxx_variadic_templates


Detecting CXX [-std=c++11] compiler features compiled with the following output:
Change Dir: /home/werl/College/netvizGL/Debug/CMakeFiles/CMakeTmp

Run Build Command:"/usr/bin/gmake" "cmTC_d64a7/fast"
/usr/bin/gmake -f CMakeFiles/cmTC_d64a7.dir/build.make CMakeFiles/cmTC_d64a7.dir/build
gmake[1]: Entering directory '/home/werl/College/netvizGL/Debug/CMakeFiles/CMakeTmp'
Building CXX object CMakeFiles/cmTC_d64a7.dir/feature_tests.cxx.o
/usr/bin/c++     -std=c++11 -o CMakeFiles/cmTC_d64a7.dir/feature_tests.cxx.o -c /home/werl/College/netvizGL/Debug/CMakeFiles/feature_tests.cxx
Linking CXX executable cmTC_d64a7
/home/werl/Downloads/clion-2016.3.1/bin/cmake/bin/cmake -E cmake_link_script CMakeFiles/cmTC_d64a7.dir/link.txt --verbose=1
/usr/bin/c++        CMakeFiles/cmTC_d64a7.dir/feature_tests.cxx.o  -o cmTC_d64a7 -rdynamic 
gmake[1]: Leaving directory '/home/werl/College/netvizGL/Debug/CMakeFiles/CMakeTmp'


    Feature record: CXX_FEATURE:0cxx_aggregate_default_initializers
    Feature record: CXX_FEATURE:1cxx_alias_templates
    Feature record: CXX_FEATURE:1cxx_alignas
    Feature record: CXX_FEATURE:1cxx_alignof
    Feature record: CXX_FEATURE:1cxx_attributes
    Feature record: CXX_FEATURE:0cxx_attribute_deprecated
    Feature record: CXX_FEATURE:1cxx_auto_type
    Feature record: CXX_FEATURE:0cxx_binary_literals
    Feature record: CXX_FEATURE:1cxx_constexpr
    Feature record: CXX_FEATURE:0cxx_contextual_conversions
    Feature record: CXX_FEATURE:1cxx_decltype
    Feature record: CXX_FEATURE:0cxx_decltype_auto
    Feature record: CXX_FEATURE:1cxx_decltype_incomplete_return_types
    Feature record: CXX_FEATURE:1cxx_default_function_template_args
    Feature record: CXX_FEATURE:1cxx_defaulted_functions
    Feature record: CXX_FEATURE:1cxx_defaulted_move_initializers
    Feature record: CXX_FEATURE:1cxx_delegating_constructors
    Feature record: CXX_FEATURE:1cxx_deleted_functions
    Feature record: CXX_FEATURE:0cxx_digit_separators
    Feature record: CXX_FEATURE:1cxx_enum_forward_declarations
    Feature record: CXX_FEATURE:1cxx_explicit_conversions
    Feature record: CXX_FEATURE:1cxx_extended_friend_declarations
    Feature record: CXX_FEATURE:1cxx_extern_templates
    Feature record: CXX_FEATURE:1cxx_final
    Feature record: CXX_FEATURE:1cxx_func_identifier
    Feature record: CXX_FEATURE:1cxx_generalized_initializers
    Feature record: CXX_FEATURE:0cxx_generic_lambdas
    Feature record: CXX_FEATURE:1cxx_inheriting_constructors
    Feature record: CXX_FEATURE:1cxx_inline_namespaces
    Feature record: CXX_FEATURE:1cxx_lambdas
    Feature record: CXX_FEATURE:0cxx_lambda_init_captures
    Feature record: CXX_FEATURE:1cxx_local_type_template_args
    Feature record: CXX_FEATURE:1cxx_long_long_type
    Feature record: CXX_FEATURE:1cxx_noexcept
    Feature record: CXX_FEATURE:1cxx_nonstatic_member_init
    Feature record: CXX_FEATURE:1cxx_nullptr
    Feature record: CXX_FEATURE:1cxx_override
    Feature record: CXX_FEATURE:1cxx_range_for
    Feature record: CXX_FEATURE:1cxx_raw_string_literals
    Feature record: CXX_FEATURE:1cxx_reference_qualified_functions
    Feature record: CXX_FEATURE:0cxx_relaxed_constexpr
    Feature record: CXX_FEATURE:0cxx_return_type_deduction
    Feature record: CXX_FEATURE:1cxx_right_angle_brackets
    Feature record: CXX_FEATURE:1cxx_rvalue_references
    Feature record: CXX_FEATURE:1cxx_sizeof_member
    Feature record: CXX_FEATURE:1cxx_static_assert
    Feature record: CXX_FEATURE:1cxx_strong_enums
    Feature record: CXX_FEATURE:1cxx_template_template_parameters
    Feature record: CXX_FEATURE:1cxx_thread_local
    Feature record: CXX_FEATURE:1cxx_trailing_return_types
    Feature record: CXX_FEATURE:1cxx_unicode_literals
    Feature record: CXX_FEATURE:1cxx_uniform_initialization
    Feature record: CXX_FEATURE:1cxx_unrestricted_unions
    Feature record: CXX_FEATURE:1cxx_user_literals
    Feature record: CXX_FEATURE:0cxx_variable_templates
    Feature record: CXX_FEATURE:1cxx_variadic_macros
    Feature record: CXX_FEATURE:1cxx_variadic_templates


Detecting CXX [-std=c++98] compiler features compiled with the following output:
Change Dir: /home/werl/College/netvizGL/Debug/CMakeFiles/CMakeTmp

Run Build Command:"/usr/bin/gmake" "cmTC_6b8f2/fast"
/usr/bin/gmake -f CMakeFiles/cmTC_6b8f2.dir/build.make CMakeFiles/cmTC_6b8f2.dir/build
gmake[1]: Entering directory '/home/werl/College/netvizGL/Debug/CMakeFiles/CMakeTmp'
Building CXX object CMakeFiles/cmTC_6b8f2.dir/feature_tests.cxx.o
/usr/bin/c++     -std=c++98 -o CMakeFiles/cmTC_6b8f2.dir/feature_tests.cxx.o -c /home/werl/College/netvizGL/Debug/CMakeFiles/feature_tests.cxx
Linking CXX executable cmTC_6b8f2
/home/werl/Downloads/clion-2016.3.1/bin/cmake/bin/cmake -E cmake_link_script CMakeFiles/cmTC_6b8f2.dir/link.txt --verbose=1
/usr/bin/c++        CMakeFiles/cmTC_6b8f2.dir/feature_tests.cxx.o  -o cmTC_6b8f2 -rdynamic 
gmake[1]: Leaving directory '/home/werl/College/netvizGL/Debug/CMakeFiles/CMakeTmp'


    Feature record: CXX_FEATURE:0cxx_aggregate_default_initializers
    Feature record: CXX_FEATURE:0cxx_alias_templates
    Feature record: CXX_FEATURE:0cxx_alignas
    Feature record: CXX_FEATURE:0cxx_alignof
    Feature record: CXX_FEATURE:0cxx_attributes
    Feature record: CXX_FEATURE:0cxx_attribute_deprecated
    Feature record: CXX_FEATURE:0cxx_auto_type
    Feature record: CXX_FEATURE:0cxx_binary_literals
    Feature record: CXX_FEATURE:0cxx_constexpr
    Feature record: CXX_FEATURE:0cxx_contextual_conversions
    Feature record: CXX_FEATURE:0cxx_decltype
    Feature record: CXX_FEATURE:0cxx_decltype_auto
    Feature record: CXX_FEATURE:0cxx_decltype_incomplete_return_types
    Feature record: CXX_FEATURE:0cxx_default_function_template_args
    Feature record: CXX_FEATURE:0cxx_defaulted_functions
    Feature record: CXX_FEATURE:0cxx_defaulted_move_initializers
    Feature record: CXX_FEATURE:0cxx_delegating_constructors
    Feature record: CXX_FEATURE:0cxx_deleted_functions
    Feature record: CXX_FEATURE:0cxx_digit_separators
    Feature record: CXX_FEATURE:0cxx_enum_forward_declarations
    Feature record: CXX_FEATURE:0cxx_explicit_conversions
    Feature record: CXX_FEATURE:0cxx_extended_friend_declarations
    Feature record: CXX_FEATURE:0cxx_extern_templates
    Feature record: CXX_FEATURE:0cxx_final
    Feature record: CXX_FEATURE:0cxx_func_identifier
    Feature record: CXX_FEATURE:0cxx_generalized_initializers
    Feature record: CXX_FEATURE:0cxx_generic_lambdas
    Feature record: CXX_FEATURE:0cxx_inheriting_constructors
    Feature record: CXX_FEATURE:0cxx_inline_namespaces
    Feature record: CXX_FEATURE:0cxx_lambdas
    Feature record: CXX_FEATURE:0cxx_lambda_init_captures
    Feature record: CXX_FEATURE:0cxx_local_type_template_args
    Feature record: CXX_FEATURE:0cxx_long_long_type
    Feature record: CXX_FEATURE:0cxx_noexcept
    Feature record: CXX_FEATURE:0cxx_nonstatic_member_init
    Feature record: CXX_FEATURE:0cxx_nullptr
    Feature record: CXX_FEATURE:0cxx_override
    Feature record: CXX_FEATURE:0cxx_range_for
    Feature record: CXX_FEATURE:0cxx_raw_string_literals
    Feature record: CXX_FEATURE:0cxx_reference_qualified_functions
    Feature record: CXX_FEATURE:0cxx_relaxed_constexpr
    Feature record: CXX_FEATURE:0cxx_return_type_deduction
    Feature record: CXX_FEATURE:0cxx_right_angle_brackets
    Feature record: CXX_FEATURE:0cxx_rvalue_references
    Feature record: CXX_FEATURE:0cxx_sizeof_member
    Feature record: CXX_FEATURE:0cxx_static_assert
    Feature record: CXX_FEATURE:0cxx_strong_enums
    Feature record: CXX_FEATURE:1cxx_template_template_parameters
    Feature record: CXX_FEATURE:0cxx_thread_local
    Feature record: CXX_FEATURE:0cxx_trailing_return_types
    Feature record: CXX_FEATURE:0cxx_unicode_literals
    Feature record: CXX_FEATURE:0cxx_uniform_initialization
    Feature record: CXX_FEATURE:0cxx_unrestricted_unions
    Feature record: CXX_FEATURE:0cxx_user_literals
    Feature record: CXX_FEATURE:0cxx_variable_templates
    Feature record: CXX_FEATURE:0cxx_variadic_macros
    Feature record: CXX_FEATURE:0cxx_variadic_templates
Determining if the function XOpenDisplay exists in the /usr/lib64/libX11.so;/usr/lib64/libXext.so passed with the following output:
Change Dir: /home/werl/College/netvizGL/Debug/CMakeFiles/CMakeTmp

Run Build Command:"/usr/bin/gmake" "cmTC_959ee/fast"
/usr/bin/gmake -f CMakeFiles/cmTC_959ee.dir/build.make CMakeFiles/cmTC_959ee.dir/build
gmake[1]: Entering directory '/home/werl/College/netvizGL/Debug/CMakeFiles/CMakeTmp'
Building C object CMakeFiles/cmTC_959ee.dir/CheckFunctionExists.c.o
/usr/bin/cc    -DCHECK_FUNCTION_EXISTS=XOpenDisplay   -o CMakeFiles/cmTC_959ee.dir/CheckFunctionExists.c.o   -c /home/werl/Downloads/clion-2016.3.1/bin/cmake/share/cmake-3.6/Modules/CheckFunctionExists.c
Linking C executable cmTC_959ee
/home/werl/Downloads/clion-2016.3.1/bin/cmake/bin/cmake -E cmake_link_script CMakeFiles/cmTC_959ee.dir/link.txt --verbose=1
/usr/bin/cc   -DCHECK_FUNCTION_EXISTS=XOpenDisplay    CMakeFiles/cmTC_959ee.dir/CheckFunctionExists.c.o  -o cmTC_959ee -rdynamic /usr/lib64/libX11.so /usr/lib64/libXext.so 
gmake[1]: Leaving directory '/home/werl/College/netvizGL/Debug/CMakeFiles/CMakeTmp'


Determining if the function gethostbyname exists passed with the following output:
Change Dir: /home/werl/College/netvizGL/Debug/CMakeFiles/CMakeTmp

Run Build Command:"/usr/bin/gmake" "cmTC_f9726/fast"
/usr/bin/gmake -f CMakeFiles/cmTC_f9726.dir/build.make CMakeFiles/cmTC_f9726.dir/build
gmake[1]: Entering directory '/home/werl/College/netvizGL/Debug/CMakeFiles/CMakeTmp'
Building C object CMakeFiles/cmTC_f9726.dir/CheckFunctionExists.c.o
/usr/bin/cc    -DCHECK_FUNCTION_EXISTS=gethostbyname   -o CMakeFiles/cmTC_f9726.dir/CheckFunctionExists.c.o   -c /home/werl/Downloads/clion-2016.3.1/bin/cmake/share/cmake-3.6/Modules/CheckFunctionExists.c
Linking C executable cmTC_f9726
/home/werl/Downloads/clion-2016.3.1/bin/cmake/bin/cmake -E cmake_link_script CMakeFiles/cmTC_f9726.dir/link.txt --verbose=1
/usr/bin/cc   -DCHECK_FUNCTION_EXISTS=gethostbyname    CMakeFiles/cmTC_f9726.dir/CheckFunctionExists.c.o  -o cmTC_f9726 -rdynamic 
gmake[1]: Leaving directory '/home/werl/College/netvizGL/Debug/CMakeFiles/CMakeTmp'


Determining if the function connect exists passed with the following output:
Change Dir: /home/werl/College/netvizGL/Debug/CMakeFiles/CMakeTmp

Run Build Command:"/usr/bin/gmake" "cmTC_50d92/fast"
/usr/bin/gmake -f CMakeFiles/cmTC_50d92.dir/build.make CMakeFiles/cmTC_50d92.dir/build
gmake[1]: Entering directory '/home/werl/College/netvizGL/Debug/CMakeFiles/CMakeTmp'
Building C object CMakeFiles/cmTC_50d92.dir/CheckFunctionExists.c.o
/usr/bin/cc    -DCHECK_FUNCTION_EXISTS=connect   -o CMakeFiles/cmTC_50d92.dir/CheckFunctionExists.c.o   -c /home/werl/Downloads/clion-2016.3.1/bin/cmake/share/cmake-3.6/Modules/CheckFunctionExists.c
Linking C executable cmTC_50d92
/home/werl/Downloads/clion-2016.3.1/bin/cmake/bin/cmake -E cmake_link_script CMakeFiles/cmTC_50d92.dir/link.txt --verbose=1
/usr/bin/cc   -DCHECK_FUNCTION_EXISTS=connect    CMakeFiles/cmTC_50d92.dir/CheckFunctionExists.c.o  -o cmTC_50d92 -rdynamic 
gmake[1]: Leaving directory '/home/werl/College/netvizGL/Debug/CMakeFiles/CMakeTmp'


Determining if the function remove exists passed with the following output:
Change Dir: /home/werl/College/netvizGL/Debug/CMakeFiles/CMakeTmp

Run Build Command:"/usr/bin/gmake" "cmTC_1575d/fast"
/usr/bin/gmake -f CMakeFiles/cmTC_1575d.dir/build.make CMakeFiles/cmTC_1575d.dir/build
gmake[1]: Entering directory '/home/werl/College/netvizGL/Debug/CMakeFiles/CMakeTmp'
Building C object CMakeFiles/cmTC_1575d.dir/CheckFunctionExists.c.o
/usr/bin/cc    -DCHECK_FUNCTION_EXISTS=remove   -o CMakeFiles/cmTC_1575d.dir/CheckFunctionExists.c.o   -c /home/werl/Downloads/clion-2016.3.1/bin/cmake/share/cmake-3.6/Modules/CheckFunctionExists.c
Linking C executable cmTC_1575d
/home/werl/Downloads/clion-2016.3.1/bin/cmake/bin/cmake -E cmake_link_script CMakeFiles/cmTC_1575d.dir/link.txt --verbose=1
/usr/bin/cc   -DCHECK_FUNCTION_EXISTS=remove    CMakeFiles/cmTC_1575d.dir/CheckFunctionExists.c.o  -o cmTC_1575d -rdynamic 
gmake[1]: Leaving directory '/home/werl/College/netvizGL/Debug/CMakeFiles/CMakeTmp'


Determining if the function shmat exists passed with the following output:
Change Dir: /home/werl/College/netvizGL/Debug/CMakeFiles/CMakeTmp

Run Build Command:"/usr/bin/gmake" "cmTC_72a67/fast"
/usr/bin/gmake -f CMakeFiles/cmTC_72a67.dir/build.make CMakeFiles/cmTC_72a67.dir/build
gmake[1]: Entering directory '/home/werl/College/netvizGL/Debug/CMakeFiles/CMakeTmp'
Building C object CMakeFiles/cmTC_72a67.dir/CheckFunctionExists.c.o
/usr/bin/cc    -DCHECK_FUNCTION_EXISTS=shmat   -o CMakeFiles/cmTC_72a67.dir/CheckFunctionExists.c.o   -c /home/werl/Downloads/clion-2016.3.1/bin/cmake/share/cmake-3.6/Modules/CheckFunctionExists.c
Linking C executable cmTC_72a67
/home/werl/Downloads/clion-2016.3.1/bin/cmake/bin/cmake -E cmake_link_script CMakeFiles/cmTC_72a67.dir/link.txt --verbose=1
/usr/bin/cc   -DCHECK_FUNCTION_EXISTS=shmat    CMakeFiles/cmTC_72a67.dir/CheckFunctionExists.c.o  -o cmTC_72a67 -rdynamic 
gmake[1]: Leaving directory '/home/werl/College/netvizGL/Debug/CMakeFiles/CMakeTmp'


Determining if the function IceConnectionNumber exists in the ICE passed with the following output:
Change Dir: /home/werl/College/netvizGL/Debug/CMakeFiles/CMakeTmp

Run Build Command:"/usr/bin/gmake" "cmTC_7d005/fast"
/usr/bin/gmake -f CMakeFiles/cmTC_7d005.dir/build.make CMakeFiles/cmTC_7d005.dir/build
gmake[1]: Entering directory '/home/werl/College/netvizGL/Debug/CMakeFiles/CMakeTmp'
Building C object CMakeFiles/cmTC_7d005.dir/CheckFunctionExists.c.o
/usr/bin/cc    -DCHECK_FUNCTION_EXISTS=IceConnectionNumber   -o CMakeFiles/cmTC_7d005.dir/CheckFunctionExists.c.o   -c /home/werl/Downloads/clion-2016.3.1/bin/cmake/share/cmake-3.6/Modules/CheckFunctionExists.c
Linking C executable cmTC_7d005
/home/werl/Downloads/clion-2016.3.1/bin/cmake/bin/cmake -E cmake_link_script CMakeFiles/cmTC_7d005.dir/link.txt --verbose=1
/usr/bin/cc   -DCHECK_FUNCTION_EXISTS=IceConnectionNumber    CMakeFiles/cmTC_7d005.dir/CheckFunctionExists.c.o  -o cmTC_7d005 -rdynamic -lICE 
gmake[1]: Leaving directory '/home/werl/College/netvizGL/Debug/CMakeFiles/CMakeTmp'


